<?xml version="1.0" encoding="UTF-8"?>
<!-- Generated by org.testng.reporters.JUnitXMLReporter -->
<testsuite ignored="0" hostname="Mac" failures="6" tests="10" name="Surefire test" time="2.188" errors="0" timestamp="2024-10-14T23:09:52 EDT">
  <testcase classname="api.test.UserTests" name="testPostUser" time="0.641"/>
  <testcase classname="api.test.UserTests" name="testGetUserByName" time="0.144"/>
  <testcase classname="api.test.UserTests" name="testUpdateUserByName" time="0.276"/>
  <testcase classname="api.test.UserTests" name="testDeleteUserByName" time="0.143"/>
  <testcase classname="api.test.DDTests" name="testPostUser" time="0.001">
    <failure type="java.lang.NumberFormatException" message="For input string: &amp;quot;.//testData1/Userdata.xlsx&amp;quot;">
      <![CDATA[java.lang.NumberFormatException: For input string: ".//testData1/Userdata.xlsx"
at java.base/java.lang.NumberFormatException.forInputString(NumberFormatException.java:67)
at java.base/java.lang.Integer.parseInt(Integer.java:588)
at java.base/java.lang.Integer.parseInt(Integer.java:685)
at api.test.DDTests.testPostUser(DDTests.java:23)
at java.base/java.util.ArrayList.forEach(ArrayList.java:1597)
... Removed 30 stack frames]]>
    </failure>
  </testcase> <!-- testPostUser -->
  <testcase classname="api.test.DDTests" name="testPostUser" time="0.0">
    <failure type="java.lang.NumberFormatException" message="For input string: &amp;quot;.//testData1/Userdata.xlsx&amp;quot;">
      <![CDATA[java.lang.NumberFormatException: For input string: ".//testData1/Userdata.xlsx"
at java.base/java.lang.NumberFormatException.forInputString(NumberFormatException.java:67)
at java.base/java.lang.Integer.parseInt(Integer.java:588)
at java.base/java.lang.Integer.parseInt(Integer.java:685)
at api.test.DDTests.testPostUser(DDTests.java:23)
at java.base/java.util.ArrayList.forEach(ArrayList.java:1597)
... Removed 30 stack frames]]>
    </failure>
  </testcase> <!-- testPostUser -->
  <testcase classname="api.test.DDTests" name="testPostUser" time="0.0">
    <failure type="java.lang.NumberFormatException" message="For input string: &amp;quot;.//testData1/Userdata.xlsx&amp;quot;">
      <![CDATA[java.lang.NumberFormatException: For input string: ".//testData1/Userdata.xlsx"
at java.base/java.lang.NumberFormatException.forInputString(NumberFormatException.java:67)
at java.base/java.lang.Integer.parseInt(Integer.java:588)
at java.base/java.lang.Integer.parseInt(Integer.java:685)
at api.test.DDTests.testPostUser(DDTests.java:23)
at java.base/java.util.ArrayList.forEach(ArrayList.java:1597)
... Removed 30 stack frames]]>
    </failure>
  </testcase> <!-- testPostUser -->
  <testcase classname="api.test.DDTests" name="testDeletUserByName" time="0.143">
    <failure type="java.lang.AssertionError" message="expected:&amp;lt;404&amp;gt; but was:&amp;lt;200&amp;gt;">
      <![CDATA[java.lang.AssertionError: expected:<404> but was:<200>
at api.test.DDTests.testDeletUserByName(DDTests.java:41)
at java.base/java.util.ArrayList.forEach(ArrayList.java:1597)
... Removed 35 stack frames]]>
    </failure>
  </testcase> <!-- testDeletUserByName -->
  <testcase classname="api.test.DDTests" name="testDeletUserByName" time="0.136">
    <failure type="java.lang.AssertionError" message="expected:&amp;lt;404&amp;gt; but was:&amp;lt;200&amp;gt;">
      <![CDATA[java.lang.AssertionError: expected:<404> but was:<200>
at api.test.DDTests.testDeletUserByName(DDTests.java:41)
at java.base/java.util.ArrayList.forEach(ArrayList.java:1597)
... Removed 35 stack frames]]>
    </failure>
  </testcase> <!-- testDeletUserByName -->
  <testcase classname="api.test.DDTests" name="testDeletUserByName" time="0.141">
    <failure type="java.lang.AssertionError" message="expected:&amp;lt;404&amp;gt; but was:&amp;lt;200&amp;gt;">
      <![CDATA[java.lang.AssertionError: expected:<404> but was:<200>
at api.test.DDTests.testDeletUserByName(DDTests.java:41)
at java.base/java.util.ArrayList.forEach(ArrayList.java:1597)
... Removed 35 stack frames]]>
    </failure>
  </testcase> <!-- testDeletUserByName -->
</testsuite> <!-- Surefire test -->
