<?xml version="1.0" encoding="UTF-8"?>
<testng-results ignored="0" total="4" passed="4" failed="0" skipped="0">
  <reporter-output>
  </reporter-output>
  <suite started-at="2024-10-25T21:49:13 CST" name="PetSuite" finished-at="2024-10-25T21:49:16 CST" duration-ms="2338">
    <groups>
    </groups>
    <test started-at="2024-10-25T21:49:13 CST" name="PetTests" finished-at="2024-10-25T21:49:16 CST" duration-ms="2338">
      <class name="api.test.UserTests2">
        <test-method is-config="true" signature="setupData()[pri:0, instance:api.test.UserTests2@5e316c74]" started-at="2024-10-25T21:49:13 CST" name="setupData" finished-at="2024-10-25T21:49:14 CST" duration-ms="159" status="PASS">
          <reporter-output>
          </reporter-output>
        </test-method> <!-- setupData -->
        <test-method signature="testPostUser()[pri:1, instance:api.test.UserTests2@5e316c74]" started-at="2024-10-25T21:49:14 CST" name="testPostUser" finished-at="2024-10-25T21:49:14 CST" duration-ms="838" status="PASS">
          <reporter-output>
          </reporter-output>
        </test-method> <!-- testPostUser -->
        <test-method signature="testGetUserByName()[pri:2, instance:api.test.UserTests2@5e316c74]" started-at="2024-10-25T21:49:14 CST" name="testGetUserByName" finished-at="2024-10-25T21:49:15 CST" duration-ms="293" status="PASS">
          <reporter-output>
          </reporter-output>
        </test-method> <!-- testGetUserByName -->
        <test-method signature="testUpdateUserByName()[pri:3, instance:api.test.UserTests2@5e316c74]" started-at="2024-10-25T21:49:15 CST" name="testUpdateUserByName" finished-at="2024-10-25T21:49:15 CST" duration-ms="618" status="PASS">
          <reporter-output>
          </reporter-output>
        </test-method> <!-- testUpdateUserByName -->
        <test-method signature="testDeleteUserByName()[pri:4, instance:api.test.UserTests2@5e316c74]" started-at="2024-10-25T21:49:15 CST" name="testDeleteUserByName" finished-at="2024-10-25T21:49:16 CST" duration-ms="340" status="PASS">
          <reporter-output>
          </reporter-output>
        </test-method> <!-- testDeleteUserByName -->
      </class> <!-- api.test.UserTests2 -->
    </test> <!-- PetTests -->
  </suite> <!-- PetSuite -->
</testng-results>
