<?xml version="1.0" encoding="UTF-8"?>
<testsuite xmlns:xsi="http://www.w3.org/2001/XMLSchema-instance" xsi:noNamespaceSchemaLocation="https://maven.apache.org/surefire/maven-surefire-plugin/xsd/surefire-test-report.xsd" version="3.0.2" name="TestSuite" time="2.596" tests="4" errors="0" skipped="0" failures="0">
  <properties>
[...]
</properties>
  <testcase name="testPostUser" classname="api.test.UserTests2" time="0.84">
    <system-out><![CDATA[2024-10-26T03:49:14.045534Z main ERROR Policies contains an invalid element or attribute "SizeBasedTriggerPolicy"
21:49:14.058 [main] INFO  api.test.UserTests2 - **** Creating User ****
HTTP/1.1 200 OK
Date: Sat, 26 Oct 2024 03:49:14 GMT
Content-Type: application/json
Transfer-Encoding: chunked
Connection: keep-alive
Access-Control-Allow-Origin: *
Access-Control-Allow-Methods: GET, POST, DELETE, PUT
Access-Control-Allow-Headers: Content-Type, api_key, Authorization
Server: Jetty(9.2.9.v20150224)

{
    "code": 200,
    "type": "unknown",
    "message": "105579928"
}
]]></system-out>
    <system-err><![CDATA[SLF4J: Failed to load class "org.slf4j.impl.StaticLoggerBinder".
SLF4J: Defaulting to no-operation (NOP) logger implementation
SLF4J: See http://www.slf4j.org/codes.html#StaticLoggerBinder for further details.
]]></system-err>
  </testcase>
  <testcase name="testGetUserByName" classname="api.test.UserTests2" time="0.293">
    <system-out><![CDATA[21:49:14.898 [main] INFO  api.test.UserTests2 - **** Reading User Info ****
HTTP/1.1 200 OK
Date: Sat, 26 Oct 2024 03:49:15 GMT
Content-Type: application/json
Transfer-Encoding: chunked
Connection: keep-alive
Access-Control-Allow-Origin: *
Access-Control-Allow-Methods: GET, POST, DELETE, PUT
Access-Control-Allow-Headers: Content-Type, api_key, Authorization
Server: Jetty(9.2.9.v20150224)

{
    "id": 105579928,
    "username": "pearlene.fadel",
    "firstName": "Darryl",
    "email": "socorro.schoen@example.com",
    "password": "ukhvfo9y4",
    "phone": "355-463-4502",
    "userStatus": 0
}
21:49:15.191 [main] INFO  api.test.UserTests2 - **** User Info is Displayed  ****
]]></system-out>
  </testcase>
  <testcase name="testUpdateUserByName" classname="api.test.UserTests2" time="0.62">
    <system-out><![CDATA[21:49:15.192 [main] INFO  api.test.UserTests2 - **** Update User ****
{
    "code": 200,
    "type": "unknown",
    "message": "105579928"
}
21:49:15.495 [main] INFO  api.test.UserTests2 - ****  User updated ****
]]></system-out>
  </testcase>
  <testcase name="testDeleteUserByName" classname="api.test.UserTests2" time="0.341">
    <system-out><![CDATA[21:49:15.813 [main] INFO  api.test.UserTests2 - **** Deleting User ****
21:49:16.152 [main] INFO  api.test.UserTests2 - **** User Deleted  ****
]]></system-out>
  </testcase>
</testsuite>