<?xml version="1.0" encoding="UTF-8"?>
<testng-results ignored="0" total="4" passed="4" failed="0" skipped="0">
  <reporter-output>
  </reporter-output>
  <suite started-at="2024-10-14T20:22:50 EDT" name="PetSuite" finished-at="2024-10-14T20:22:52 EDT" duration-ms="1714">
    <groups>
    </groups>
    <test started-at="2024-10-14T20:22:50 EDT" name="PetTests" finished-at="2024-10-14T20:22:52 EDT" duration-ms="1714">
      <class name="api.test.UserTests2">
        <test-method is-config="true" signature="setupData()[pri:0, instance:api.test.UserTests2@42e99e4a]" started-at="2024-10-14T20:22:51 EDT" name="setupData" finished-at="2024-10-14T20:22:51 EDT" duration-ms="187" status="PASS">
          <reporter-output>
          </reporter-output>
        </test-method> <!-- setupData -->
        <test-method signature="testPostUser()[pri:1, instance:api.test.UserTests2@42e99e4a]" started-at="2024-10-14T20:22:51 EDT" name="testPostUser" finished-at="2024-10-14T20:22:52 EDT" duration-ms="841" status="PASS">
          <reporter-output>
          </reporter-output>
        </test-method> <!-- testPostUser -->
        <test-method signature="testGetUserByName()[pri:2, instance:api.test.UserTests2@42e99e4a]" started-at="2024-10-14T20:22:52 EDT" name="testGetUserByName" finished-at="2024-10-14T20:22:52 EDT" duration-ms="149" status="PASS">
          <reporter-output>
          </reporter-output>
        </test-method> <!-- testGetUserByName -->
        <test-method signature="testUpdateUserByName()[pri:3, instance:api.test.UserTests2@42e99e4a]" started-at="2024-10-14T20:22:52 EDT" name="testUpdateUserByName" finished-at="2024-10-14T20:22:52 EDT" duration-ms="272" status="PASS">
          <reporter-output>
          </reporter-output>
        </test-method> <!-- testUpdateUserByName -->
        <test-method signature="testDeleteUserByName()[pri:4, instance:api.test.UserTests2@42e99e4a]" started-at="2024-10-14T20:22:52 EDT" name="testDeleteUserByName" finished-at="2024-10-14T20:22:52 EDT" duration-ms="142" status="PASS">
          <reporter-output>
          </reporter-output>
        </test-method> <!-- testDeleteUserByName -->
      </class> <!-- api.test.UserTests2 -->
    </test> <!-- PetTests -->
  </suite> <!-- PetSuite -->
</testng-results>
