<?xml version="1.0" encoding="UTF-8"?>
<!-- Generated by org.testng.reporters.JUnitXMLReporter -->
<testsuite ignored="0" hostname="Mac" failures="0" tests="4" name="PetTests" time="1.714" errors="0" timestamp="2024-10-14T20:22:52 EDT">
  <testcase classname="api.test.UserTests2" name="testPostUser" time="0.841"/>
  <testcase classname="api.test.UserTests2" name="testGetUserByName" time="0.149"/>
  <testcase classname="api.test.UserTests2" name="testUpdateUserByName" time="0.272"/>
  <testcase classname="api.test.UserTests2" name="testDeleteUserByName" time="0.142"/>
</testsuite> <!-- PetTests -->
